warning: source ./images/ is not a readable file or directory... skipping.
/home/nam/sw/daq/roody/doxfiles/features.dox:53: warning: image file roody-sc-main.jpg is not found in IMAGE_PATH: assuming external image.
/home/nam/sw/daq/roody/doxfiles/features.dox:54: warning: image file roody-sc-main.eps is not found in IMAGE_PATH: assuming external image.
/home/nam/sw/daq/roody/doxfiles/features.dox:89: warning: unable to resolve reference to `argument' for \ref command
/home/nam/sw/daq/roody/doxfiles/features.dox:90: warning: image file roody-inter.jpg is not found in IMAGE_PATH: assuming external image.
/home/nam/sw/daq/roody/doxfiles/features.dox:91: warning: image file roody-inter.eps is not found in IMAGE_PATH: assuming external image.
/home/nam/sw/daq/roody/doxfiles/features.dox:98: warning: image file roody-open-01.jpg is not found in IMAGE_PATH: assuming external image.
/home/nam/sw/daq/roody/doxfiles/features.dox:99: warning: image file roody-open-01.eps is not found in IMAGE_PATH: assuming external image.
/home/nam/sw/daq/roody/doxfiles/features.dox:110: warning: image file roody-close-01.jpg is not found in IMAGE_PATH: assuming external image.
/home/nam/sw/daq/roody/doxfiles/features.dox:111: warning: image file roody-close-01.eps is not found in IMAGE_PATH: assuming external image.
/home/nam/sw/daq/roody/doxfiles/features.dox:150: warning: unable to resolve reference to `argument' for \ref command
/home/nam/sw/daq/roody/doxfiles/features.dox:173: warning: image file roody-plot.jpg is not found in IMAGE_PATH: assuming external image.
/home/nam/sw/daq/roody/doxfiles/features.dox:174: warning: image file roody-plot.eps is not found in IMAGE_PATH: assuming external image.
/home/nam/sw/daq/roody/doxfiles/features.dox:192: warning: image file roody-hist-01.jpg is not found in IMAGE_PATH: assuming external image.
/home/nam/sw/daq/roody/doxfiles/features.dox:193: warning: image file roody-hist-01.eps is not found in IMAGE_PATH: assuming external image.
/home/nam/sw/daq/roody/doxfiles/features.dox:207: warning: image file roody-gc-main.jpg is not found in IMAGE_PATH: assuming external image.
/home/nam/sw/daq/roody/doxfiles/features.dox:208: warning: image file roody-gc-main.eps is not found in IMAGE_PATH: assuming external image.
/home/nam/sw/daq/roody/doxfiles/features.dox:259: warning: image file roody-group.jpg is not found in IMAGE_PATH: assuming external image.
/home/nam/sw/daq/roody/doxfiles/features.dox:260: warning: image file roody-group.eps is not found in IMAGE_PATH: assuming external image.
/home/nam/sw/daq/roody/doxfiles/quickstart.dox:2: warning: unable to resolve reference to `intro' for \ref command
/home/nam/sw/daq/roody/doxfiles/quickstart.dox:10: warning: unable to resolve reference to `intro' for \ref command
